<?xml version="1.0" encoding="UTF-8"?>
<!-- Generated by org.testng.reporters.JUnitReportReporter -->
<testsuite skipped="0" hostname="BOUNCEs-MacBook-Pro-5.local" name="midtransDemo.uiAuto.Testcase1" tests="2" failures="0" timestamp="04 Apr 2020 07:40:17 GMT" time="23.367" errors="0">
  <testcase name="checkoutSuccessFlow" time="18.283" classname="midtransDemo.uiAuto.Testcase1"/>
  <testcase name="checkoutFailFlow" time="5.084" classname="midtransDemo.uiAuto.Testcase1"/>
</testsuite> <!-- midtransDemo.uiAuto.Testcase1 -->
