<?xml version="1.0" encoding="UTF-8"?>
<!-- Generated by org.testng.reporters.JUnitReportReporter -->
<testsuite skipped="0" hostname="BOUNCEs-MacBook-Pro-5.local" name="midtransDemo.uiAuto.Testcase2" tests="2" failures="0" timestamp="04 Apr 2020 07:53:36 GMT" time="27.620" errors="0">
  <testcase name="checkoutSuccessFlow" time="22.725" classname="midtransDemo.uiAuto.Testcase2"/>
  <testcase name="checkoutFailFlow" time="4.895" classname="midtransDemo.uiAuto.Testcase2"/>
</testsuite> <!-- midtransDemo.uiAuto.Testcase2 -->
