<?xml version="1.0" encoding="UTF-8"?>
<!-- Generated by org.testng.reporters.JUnitReportReporter -->
<testsuite skipped="0" hostname="BOUNCEs-MacBook-Pro-5.local" name="midtransDemo.uiAuto.Testcase_Assignment" tests="2" failures="0" timestamp="10 Apr 2020 07:08:07 GMT" time="27.108" errors="0">
  <testcase name="checkoutSuccessFlow" time="22.646" classname="midtransDemo.uiAuto.Testcase_Assignment"/>
  <testcase name="checkoutFailFlow" time="4.462" classname="midtransDemo.uiAuto.Testcase_Assignment"/>
</testsuite> <!-- midtransDemo.uiAuto.Testcase_Assignment -->
